     1                                  bits 32 ; asamblare și compilare pentru arhitectura de 32 biți
     2                                  ; definim punctul de intrare in programul principal
     3                                  global start
     4                                  
     5                                  ; declaram functiile externe necesare programului nostru
     6                                  extern exit ; indicam asamblorului ca exit exista, chiar daca nu o vom defini 
     7                                  import exit msvcrt.dll ; exit este o functie care incheie procesul, este definita in msvcrt.dll
     8                                          ; msvcrt.dll contine exit, printf si toate celelalte functii C-runtime importante
     9                                          
    10                                  segment  data use32 class=data ; segmentul de date in care se vor defini variabilele 
    11                                  
    12 00000000 05                      a db 5
    13 00000001 02                      b db 2
    14 00000002 0A                      c db 10
    15                                  
    16                                  ; segmentul de cod
    17                                  segment  code use32 class=code ; 
    18                                  ; a*(b+c)+34
    19                                  
    20                                  start:
    21 00000000 8A25[01000000]          mov ah, [b]
    22 00000006 0225[02000000]          add ah, [c]
    23                                  
    24 0000000C A0[00000000]            mov al, [a]
    25 00000011 F6E4                    mul ah ; rezultatul se afla in ax
    26                                  
    27 00000013 66BB2200                mov bx, 34
    28 00000017 6601D8                  add ax, bx
    29                                  
    30 0000001A 6A00                    push   dword 0 ;se pune pe stiva codul de retur al functiei exit
    31 0000001C FF15[00000000]          call   [exit] ;apelul functiei sistem exit pentru terminarea executiei programului
