     1                                  bits 32 ; asamblare și compilare pentru arhitectura de 32 biți
     2                                  ; definim punctul de intrare in programul principal
     3                                  global start
     4                                  
     5                                  ; declaram functiile externe necesare programului nostru
     6                                  extern exit ; indicam asamblorului ca exit exista, chiar daca nu o vom defini 
     7                                  import exit msvcrt.dll ; exit este o functie care incheie procesul, este definita in msvcrt.dll
     8                                          ; msvcrt.dll contine exit, printf si toate celelalte functii C-runtime importante
     9                                          
    10                                  segment  data use32 class=data ; segmentul de date in care se vor defini variabilele 
    11                                  
    12 00000000 0A                      a db 10
    13 00000001 01                      b db 1
    14 00000002 01                      c db 1
    15 00000003 05                      d db 5
    16                                  
    17                                  ; segmentul de cod
    18                                  segment  code use32 class=code ; 
    19                                  ; (c-a-d)+(c-b)-a
    20                                  
    21                                  start:
    22 00000000 8A25[02000000]          mov ah,[c]
    23 00000006 2A25[00000000]          sub ah,[a]
    24 0000000C 2A25[03000000]          sub ah,[d]
    25                                  
    26 00000012 A0[02000000]            mov al, [c]
    27 00000017 2A05[01000000]          sub al, [b]
    28                                  
    29 0000001D 00C4                    add ah, al
    30 0000001F 2A25[00000000]          sub ah,[a]
    31                                  
    32                                  
    33 00000025 6A00                    push dword 0 ;se pune pe stiva codul de retur al functiei exit
    34 00000027 FF15[00000000]          call [exit] ;apelul functiei sistem exit pentru terminarea executiei programului
