     1                                  bits 32 ; asamblare și compilare pentru arhitectura de 32 biți
     2                                  ; definim punctul de intrare in programul principal
     3                                  global start
     4                                  
     5                                  ; declaram functiile externe necesare programului nostru
     6                                  extern exit ; indicam asamblorului ca exit exista, chiar daca nu o vom defini 
     7                                  import exit msvcrt.dll ; exit este o functie care incheie procesul, este definita in msvcrt.dll
     8                                          ; msvcrt.dll contine exit, printf si toate celelalte functii C-runtime importante
     9                                          
    10                                  segment  data use32 class=data ; segmentul de date in care se vor defini variabilele 
    11                                  
    12 00000000 0A00                    a dw 10
    13 00000002 0100                    b dw 1
    14 00000004 0100                    c dw 1
    15 00000006 0500                    d dw 5
    16                                  
    17                                  ; segmentul de cod
    18                                  segment  code use32 class=code ; 
    19                                  ; (c+b+b)-(c+a+d)
    20                                  
    21                                  start:
    22 00000000 66A1[04000000]          mov ax, [c]
    23 00000006 660305[02000000]        add ax, [b]
    24 0000000D 660305[02000000]        add ax, [b]
    25                                  
    26 00000014 668B1D[04000000]        mov bx, [c]
    27 0000001B 66031D[00000000]        add bx, [a]
    28 00000022 66031D[06000000]        add bx, [d]
    29                                  
    30 00000029 6629D8                  sub ax, bx
    31                                  
    32 0000002C 6A00                    push dword 0 ;se pune pe stiva codul de retur al functiei exit
    33 0000002E FF15[00000000]          call [exit] ;apelul functiei sistem exit pentru terminarea executiei programului
