     1                                  ; OPERATII CU FISIERE TEXT
     2                                  
     3                                  ;Se da un fisier text. Sa se citeasca continutul fisierului, sa se contorizeze numarul de caractere speciale si sa se afiseze aceasta valoare. ;Numele fisierului text este definit in segmentul de date.
     4                                  
     5                                  ;Valorile vor fi afisate in format decimal (baza 10) cu semn.
     6                                  
     7                                  bits 32 ; asamblare si compilare pentru arhitectura de 32 biti
     8                                  
     9                                  global start        
    10                                  
    11                                  ; declararea functiilor externe folosite de program
    12                                  extern exit,fopen,fprintf,fclose, printf  
    13                                  import exit msvcrt.dll
    14                                  import fopen msvcrt.dll
    15                                  import fprintf msvcrt.dll
    16                                  import fclose msvcrt.dll
    17                                  import printf msvcrt.dll
    18                                  
    19                                  ; declararea datelor
    20                                  segment data use32 class=data
    21 00000000 636172616374657265-         nume_fisier db "caractere.txt", 0  ; numele fisierului care va fi creat
    21 00000009 2E74787400         
    22 0000000E 7700                        mod_acces db "w", 0                ; modul de deschidere a fisierului - 
    23                                                                         ; w - pentru scriere. daca fiserul nu exista, se va crea 
    24 00000010 FFFFFFFF                    descriptor_fisier dd -1            ; variabila in care vom salva descriptorul fisierului - necesar pentru a putea face referire la fisier
    25                                      
    26 00000014 61414023472C3700            text db "aA@#G,7", 0               ; declararea unui sir de caractere care contine caractere speciale
    27                                      len_text equ $-text-1              ; lungimea sirului de caractere
    28                                      
    29 0000001C 4E756D6172756C2064-         contor_message db "Numarul de caractere speciale = %d", 0 ; mesajul care se va afisa
    29 00000025 652063617261637465-
    29 0000002E 726520737065636961-
    29 00000037 6C65203D20256400   
    30                                      
    31                                  ; our code starts here
    32                                  segment code use32 class=code
    33                                      start:
    34                                      
    35                                          ; se pune 0 in fiecare registru
    36 00000000 B800000000                      mov eax, 0
    37 00000005 BB00000000                      mov ebx, 0
    38 0000000A B900000000                      mov ecx, 0
    39 0000000F BA00000000                      mov edx, 0
    40                                          
    41                                          ; se apeleaza functia fopen pentru a crea fisierul
    42                                          ; functia va returna in EAX descriptorul fisierului sau 0 in caz de eroare
    43                                          ; eax = fopen(nume_fisier, mod_acces)
    44                                          
    45 00000014 68[0E000000]                    push dword mod_acces     
    46 00000019 68[00000000]                    push dword nume_fisier
    47 0000001E FF15[00000000]                  call [fopen]
    48 00000024 83C408                          add esp, 4*2                ; eliberam parametrii de pe stiva
    49                                          
    50 00000027 A3[10000000]                    mov [descriptor_fisier], eax; salvam valoarea returnata de fopen in variabila descriptor_fisier
    51                                          
    52                                          ; verificam daca functia fopen a creat cu succes fisierul (daca EAX != 0)
    53 0000002C 83F800                          cmp eax, 0
    54 0000002F 747E                            je final
    55                                          
    56                                          ; scriem textul in fisierul deschis folosind functia fprintf
    57                                          ; fprintf(descriptor_fisier, text)
    58                                          ; se pun parametrii pe stiva de la dreapta la stanga
    59 00000031 68[14000000]                    push dword text
    60 00000036 FF35[10000000]                  push dword [descriptor_fisier]
    61 0000003C FF15[00000000]                  call [fprintf]
    62 00000042 83C408                          add esp, 4*2
    63                                          
    64                                          ; se pune 0 in fiecare registru, deoacere acestia se modifica la apelurile functiilor
    65 00000045 B800000000                      mov eax, 0
    66 0000004A BB00000000                      mov ebx, 0
    67 0000004F B900000000                      mov ecx, 0
    68 00000054 BA00000000                      mov edx, 0
    69                                          
    70 00000059 BE00000000                      mov esi, 0
    71                                          
    72                                          ; se parcurge sirul text si se numara cate caractere speciale se gasesc
    73 0000005E FC                              cld               ; clear DF, se parcurge sirul de la stanga la dreapta
    74 0000005F BE[14000000]                    mov esi, text     ; in ESI se pune adresa sirului
    75 00000064 B907000000                      mov ecx, len_text ; in registrul contor se pune lungimea textului
    76                                          
    77                                          parcurgere:
    78 00000069 AC                                  lodsb   ; in AL avem caracterul din sirul text
    79                                                      ; inc ESI
    80                                                          
    81                                              litera_mica:       ; se verifica daca AL apartine intervalului ['a', 'z']
    82                                              
    83 0000006A 3C61                                    cmp al, 'a'    ; se face scaderea fictiva AL - 'a'
    84 0000006C 7206                                    jb litera_mare ; daca diferenta este STRICT negativa, atunci caracterul din AL e mai mic decat 'a', deci:
    85                                                                  ; 1. AL apartine ['A', 'Z'] sau ['0', '9']
    86                                                                  ; 2. AL e caracter special
    87                                                  
    88 0000006E 3C7A                                    cmp al, 'z'         ; se face scaderea fictiva AL - 'z'
    89 00000070 7F16                                    jg caracter_special ; daca diferenta este STRICT pozitiva, atunci caracterul din AL e mai mare decat 'z',
    90                                                                        ; deci SIGUR este caracter special
    91                                                  
    92                                                  ; daca nu se executa nici un salt, inseamna ca AL apartine ['a','z'], deci putem trece la urmatorul caracter din sir
    93 00000072 EB17                                    jmp continuare_parcurgere
    94                                                  
    95                                                  
    96                                              litera_mare:    ; se verifica daca AL apartine intervalului ['A','Z']
    97                                              
    98 00000074 3C41                                    cmp al, 'A'         ; se face scaderea fictiva AL - 'A'
    99 00000076 7206                                    jb cifra            ; daca diferenta este STRICT negativa, atunci caracterul din AL este mai mic decat 'A', 
   100                                                                        ; deci ori este caracter special, ori apartine intervalului ['0','9']
   101                                      
   102 00000078 3C5A                                    cmp al, 'Z'         ; se face scaderea fictiva AL - 'Z'
   103 0000007A 7F0C                                    jg caracter_special ; daca diferenta este STRICT pozitiva, atunci caracterul din AL este mai mare decat 'Z',
   104                                                                        ; deci SIGUR este caracter special
   105                                              
   106                                                  ; daca nu se executa nici un salt, inseamna ca AL apartine ['A','Z'], deci putem trece la urmatorul caracter din sir
   107 0000007C EB0D                                    jmp continuare_parcurgere
   108                                              
   109                                              
   110                                              cifra:  ; se verifica daca AL apartine intervalului ['0', '9']
   111                                                  
   112 0000007E 3C30                                    cmp al, '0'         ; se face scaderea fictiva AL - '0'
   113 00000080 7206                                    jb caracter_special ; daca diferenta este STRICT negativa, atunci caracterul din AL este mai mic decat '0',
   114                                                                        ; deci SIGUR este caracter special
   115                                  
   116 00000082 3C39                                    cmp al, '9'         ; se face scaderea fictiva AL - '9'
   117 00000084 7F02                                    jg caracter_special ; daca diferenta este STRICT pozitiva, atunci caracterul din AL este mai mare decat '9',
   118                                                                        ; deci SIGUR este caracter special
   119                                  
   120                                                  ; daca nu se executa nici un salt, inseamna ca AL apartine ['A','Z'], deci putem trece la urmatorul caracter din sir
   121 00000086 EB03                                    jmp continuare_parcurgere
   122                                              
   123                                              
   124                                              caracter_special:
   125 00000088 43                                      inc ebx
   126 00000089 EB00                                    jmp continuare_parcurgere
   127                                                  
   128                                                  
   129                                              continuare_parcurgere:
   130 0000008B 49                                      dec ecx
   131 0000008C 83F900                                  cmp ecx, 0
   132 0000008F 7FD8                                    jg parcurgere
   133                                          
   134                                          ; se va apela printf(contor_message, EBX) => se va afisa: "Numarul de caractere speciale = 3"
   135                                          ; se pun parametrii pe stiva de la dreapta la stanga
   136                                          
   137 00000091 53                              push dword ebx         ; contorul
   138 00000092 68[1C000000]                    push dword contor_message ; adresa string-ului
   139                                          
   140 00000097 FF15[00000000]                  call [printf]          ; apelul functiei
   141 0000009D 83C408                          add esp, 4 * 2         ; eliberam parametrii de pe stiva; 4 = dimensiunea unui dword; 2 = nr de parametri
   142                                          
   143                                          ; apelam functia fclose pentru a inchide fisierul
   144                                          ; fclose(descriptor_fisier)
   145 000000A0 FF35[10000000]                  push dword [descriptor_fisier]
   146 000000A6 FF15[00000000]                  call [fclose]
   147 000000AC 83C404                          add esp, 4
   148                                          
   149                                      final:
   150 000000AF 6A00                            push dword 0      ; punem pe stiva parametrul pentru exit
   151 000000B1 FF15[00000000]                  call [exit]       ; apelam exit pentru a incheia programul
